= Host-specific information ====================================================
$> hostname; uname -msr
deepthought-worker-6.42berlin.de
Linux 5.15.0-131-generic x86_64
$> date
Fri Feb 21 04:31:59 PM CET 2025

= User files collection ========================================================
Collecting user files from Vogsphere
Repository URL: git@vogsphere.42berlin.de:exam-2025-02-21/tischmid_exam-rank-02_exam_15h50m51s.git

= Git history ==================================================================
$> git -C /tmp/tmp4e8l93dz/user log --pretty='%H - %an, %ad : %s'
e949760777c79007916a1de5e5c99c45e4668794 - Exam 42, Fri Feb 21 16:31:24 2025 +0100 : Add bigint.hpp bigint.cpp
f9f4186ff8405005ca22038b93acf52be19263f4 - Exam 42, Fri Feb 21 14:53:34 2025 +0100 : Add vbc.c
 
= Collected files ==========================================
$> ls -lAR /tmp/tmp4e8l93dz/user
/tmp/tmp4e8l93dz/user:
total 12
drwxr-xr-x 2 root root 4096 Feb 21 16:31 bigint
-rw-r--r-- 1 root root  555 Feb 21 16:31 __GIT_HISTORY
drwxr-xr-x 2 root root 4096 Feb 21 16:31 vbc

/tmp/tmp4e8l93dz/user/bigint:
total 8
-rw-r--r-- 1 root root    0 Feb 21 16:31 bigint.cpp
-rw-r--r-- 1 root root 5864 Feb 21 16:31 bigint.hpp

/tmp/tmp4e8l93dz/user/vbc:
total 4
-rw-r--r-- 1 root root 2691 Feb 21 16:31 vbc.c
 
= bigint =======================================================================
$> c++ -Wextra -Wall -Werror main.cpp bigint.cpp -o user_exe 
main.cpp:45:18: error: invalid operands to binary expression ('bigint' and 'bigint')
        std::cout << (c - c) << std::endl;
                      ~ ^ ~
1 error generated.

Could not compile 'user_exe'
Grade: 0

= Final grade: 0 ===============================================================
