= Host-specific information ====================================================
$> hostname; uname -msr
deepthought-worker-6.42berlin.de
Linux 5.15.0-131-generic x86_64
$> date
Fri Feb 21 04:54:45 PM CET 2025

= User files collection ========================================================
Collecting user files from Vogsphere
Repository URL: git@vogsphere.42berlin.de:exam-2025-02-21/tischmid_exam-rank-02_exam_15h50m51s.git

= Git history ==================================================================
$> git -C /tmp/tmpx0mwd4hc/user log --pretty='%H - %an, %ad : %s'
9e10068fb76345a37de408d006c159f8978b4d0f - Exam 42, Fri Feb 21 16:54:21 2025 +0100 : Fix i guess
27ea4932422a05c46d652bfdac5b727da1579dbf - Exam 42, Fri Feb 21 16:47:49 2025 +0100 : Leading zero fix
7814f68657aac69acea934c4b6decdd3d87f561b - Exam 42, Fri Feb 21 16:44:13 2025 +0100 : Split up to cpp file
19516d79657ca4f3c2d9813c4aad21af0e284ad9 - Exam 42, Fri Feb 21 16:38:56 2025 +0100 : Add trivial substraction (returns 0)
e949760777c79007916a1de5e5c99c45e4668794 - Exam 42, Fri Feb 21 16:31:24 2025 +0100 : Add bigint.hpp bigint.cpp
f9f4186ff8405005ca22038b93acf52be19263f4 - Exam 42, Fri Feb 21 14:53:34 2025 +0100 : Add vbc.c
 
= Collected files ==========================================
$> ls -lAR /tmp/tmpx0mwd4hc/user
/tmp/tmpx0mwd4hc/user:
total 12
drwxr-xr-x 2 root root 4096 Feb 21 16:54 bigint
-rw-r--r-- 1 root root 1492 Feb 21 16:54 __GIT_HISTORY
drwxr-xr-x 2 root root 4096 Feb 21 16:54 vbc

/tmp/tmpx0mwd4hc/user/bigint:
total 12
-rw-r--r-- 1 root root  230 Feb 21 16:54 bigint.cpp
-rw-r--r-- 1 root root 6067 Feb 21 16:54 bigint.hpp

/tmp/tmpx0mwd4hc/user/vbc:
total 4
-rw-r--r-- 1 root root 2691 Feb 21 16:54 vbc.c
 
= bigint =======================================================================
$> c++ -Wextra -Wall -Werror main.cpp bigint.cpp -o user_exe 

$> c++ -Wextra -Wall -Werror main.cpp bigint.cpp -o ref_exe 

= Test 1 ===================================================
$> ./3lhc19yobloda7q86lfucq22
$> ./3lhc19yobloda7q86lfucq22
$> diff -U 3 user_output_test1 test1.output | cat -e

Diff OK :D
Grade: 1

= Final grade: 1 ===============================================================
